#
# A fatal error has been detected by the Java Runtime Environment:
#
#  EXCEPTION_ACCESS_VIOLATION (0xc0000005) at pc=0x00000000674e8d85, pid=5360, tid=19484
#
# JRE version: Java(TM) SE Runtime Environment (8.0_77-b03) (build 1.8.0_77-b03)
# Java VM: Java HotSpot(TM) 64-Bit Server VM (25.77-b03 mixed mode windows-amd64 compressed oops)
# Problematic frame:
# V  [jvm.dll+0x128d85]
#
# Failed to write core dump. Minidumps are not enabled by default on client versions of Windows
#
# If you would like to submit a bug report, please visit:
#   http://bugreport.java.com/bugreport/crash.jsp
#

---------------  T H R E A D  ---------------

Current thread (0x0000000019c0c800):  JavaThread "JDWP Transport Listener: dt_socket" daemon [_thread_in_vm, id=19484, stack(0x000000001b5b0000,0x000000001b6b0000)]

siginfo: ExceptionCode=0xc0000005, reading address 0xffffffffffffffff

Registers:
RAX=0x000000001b6af201, RBX=0x0000000019c0c800, RCX=0x4c7373003b726f74, RDX=0x0000000000000000
RSP=0x000000001b6af1c0, RBP=0x4c7373003b726f74, RSI=0x000000001b6af2d8, RDI=0x0000000002938a20
R8 =0x0000000019c0c800, R9 =0x0000000000000001, R10=0x0000000000008000, R11=0x000000001b6af110
R12=0x0000000000000000, R13=0x0000000019c17398, R14=0x0000000000000000, R15=0x0000000000000000
RIP=0x00000000674e8d85, EFLAGS=0x0000000000010206

Top of Stack: (sp=0x000000001b6af1c0)
0x000000001b6af1c0:   0000000019c0c800 0000000019c0c800
0x000000001b6af1d0:   000000001b6af288 00000000676ee33b
0x000000001b6af1e0:   0000000019c0c800 000000006770ab9d
0x000000001b6af1f0:   0000000000000000 00000000695e9155
0x000000001b6af200:   0000000025aee9c8 00000000695f291e
0x000000001b6af210:   0000000019c0c800 0000000000000000
0x000000001b6af220:   0000000000000000 0000000000000000
0x000000001b6af230:   4c7373003b726f74 00000000695f1a15
0x000000001b6af240:   000000001b6af2d8 000000001b6af2b0
0x000000001b6af250:   0000000000000001 0000000025aee9c8
0x000000001b6af260:   4c7373003b726f74 00000000695d53b3
0x000000001b6af270:   000000001b6af3a0 0000000000000001
0x000000001b6af280:   0000000000000001 0000000025aee9c8
0x000000001b6af290:   00000000f000100a 0000000000000000
0x000000001b6af2a0:   0000000000000000 0000000000000000
0x000000001b6af2b0:   0000000000000001 00000000695d5571 

Instructions: (pc=0x00000000674e8d85)
0x00000000674e8d65:   cc cc cc cc cc cc cc cc cc cc cc 48 83 ec 28 48
0x00000000674e8d75:   85 c9 75 07 33 c0 48 83 c4 28 c3 48 89 5c 24 20
0x00000000674e8d85:   48 8b 19 48 85 db 74 20 48 83 fb 37 74 1a 48 8b
0x00000000674e8d95:   13 48 8b cb ff 52 10 84 c0 74 0d 48 8b c3 48 8b 


Register to memory mapping:

RAX=0x000000001b6af201 is pointing into the stack for thread: 0x0000000019c0c800
RBX=0x0000000019c0c800 is a thread
RCX=0x4c7373003b726f74 is an unknown value
RDX=0x0000000000000000 is an unknown value
RSP=0x000000001b6af1c0 is pointing into the stack for thread: 0x0000000019c0c800
RBP=0x4c7373003b726f74 is an unknown value
RSI=0x000000001b6af2d8 is pointing into the stack for thread: 0x0000000019c0c800
RDI=0x0000000002938a20 is an unknown value
R8 =0x0000000019c0c800 is a thread
R9 =0x0000000000000001 is an unknown value
R10=0x0000000000008000 is an unknown value
R11=0x000000001b6af110 is pointing into the stack for thread: 0x0000000019c0c800
R12=0x0000000000000000 is an unknown value
R13=0x0000000019c17398 is an unknown value
R14=0x0000000000000000 is an unknown value
R15=0x0000000000000000 is an unknown value


Stack: [0x000000001b5b0000,0x000000001b6b0000],  sp=0x000000001b6af1c0,  free space=1020k
Native frames: (J=compiled Java code, j=interpreted, Vv=VM code, C=native code)
V  [jvm.dll+0x128d85]
V  [jvm.dll+0x34ab9d]
C  [jdwp.dll+0x21a15]
C  [jdwp.dll+0x53b3]
C  [jdwp.dll+0x5571]
C  [jdwp.dll+0xf0a8]
C  [jdwp.dll+0x1f2d5]
C  [jdwp.dll+0x1f4aa]
V  [jvm.dll+0x1bba58]
V  [jvm.dll+0x243434]
V  [jvm.dll+0x29a27a]
C  [msvcr100.dll+0x21d9f]
C  [msvcr100.dll+0x21e3b]
C  [KERNEL32.DLL+0x17c24]
C  [ntdll.dll+0x6d721]


---------------  P R O C E S S  ---------------

Java Threads: ( => current thread )
  0x0000000025a9d000 JavaThread "http-nio-9090-Acceptor" daemon [_thread_in_native, id=12684, stack(0x000000002c8c0000,0x000000002c9c0000)]
  0x0000000025a97800 JavaThread "http-nio-9090-Poller" daemon [_thread_in_native, id=15296, stack(0x000000002c7c0000,0x000000002c8c0000)]
  0x0000000025a9a800 JavaThread "http-nio-9090-exec-10" daemon [_thread_blocked, id=14500, stack(0x000000002c6c0000,0x000000002c7c0000)]
  0x000000001d5d6800 JavaThread "http-nio-9090-exec-9" daemon [_thread_blocked, id=13680, stack(0x000000002c330000,0x000000002c430000)]
  0x000000001d5db000 JavaThread "http-nio-9090-exec-8" daemon [_thread_blocked, id=14392, stack(0x000000002c230000,0x000000002c330000)]
  0x000000001d5d8000 JavaThread "http-nio-9090-exec-7" daemon [_thread_blocked, id=19504, stack(0x000000002c130000,0x000000002c230000)]
  0x000000001d5d9800 JavaThread "http-nio-9090-exec-6" daemon [_thread_blocked, id=21148, stack(0x000000002c030000,0x000000002c130000)]
  0x000000001d5d6000 JavaThread "http-nio-9090-exec-5" daemon [_thread_blocked, id=13332, stack(0x000000002bf30000,0x000000002c030000)]
  0x000000001d5d9000 JavaThread "http-nio-9090-exec-4" daemon [_thread_blocked, id=7848, stack(0x000000002be30000,0x000000002bf30000)]
  0x000000001d5d7800 JavaThread "http-nio-9090-exec-3" daemon [_thread_blocked, id=21288, stack(0x000000002ac90000,0x000000002ad90000)]
  0x000000001d5dc000 JavaThread "http-nio-9090-exec-2" daemon [_thread_blocked, id=6828, stack(0x0000000029130000,0x0000000029230000)]
  0x000000001d5da800 JavaThread "http-nio-9090-exec-1" daemon [_thread_blocked, id=11612, stack(0x0000000027930000,0x0000000027a30000)]
  0x000000001d5ce800 JavaThread "File Watcher" daemon [_thread_blocked, id=9436, stack(0x00000000240e0000,0x00000000241e0000)]
  0x000000001d5d2000 JavaThread "HikariPool-2 housekeeper" daemon [_thread_blocked, id=11692, stack(0x0000000022170000,0x0000000022270000)]
  0x000000001d5d1800 JavaThread "container-0" [_thread_blocked, id=9644, stack(0x0000000020610000,0x0000000020710000)]
  0x000000001d5d0800 JavaThread "Catalina-utility-2" [_thread_blocked, id=20344, stack(0x000000001f4d0000,0x000000001f5d0000)]
  0x000000001d5d0000 JavaThread "Catalina-utility-1" [_thread_blocked, id=20316, stack(0x0000000000e60000,0x0000000000f60000)]
  0x000000001d5d3800 JavaThread "DestroyJavaVM" [_thread_blocked, id=17068, stack(0x00000000027e0000,0x00000000028e0000)]
  0x0000000025a99000 JavaThread "Live Reload Server" daemon [_thread_in_native, id=9884, stack(0x0000000027830000,0x0000000027930000)]
  0x000000001bfa8800 JavaThread "mysql-cj-abandoned-connection-cleanup" daemon [_thread_blocked, id=21500, stack(0x00000000209e0000,0x0000000020ae0000)]
  0x000000001bd4c800 JavaThread "Service Thread" daemon [_thread_blocked, id=21008, stack(0x000000001c7b0000,0x000000001c8b0000)]
  0x000000001bcd2000 JavaThread "C1 CompilerThread2" daemon [_thread_blocked, id=1336, stack(0x000000001c6b0000,0x000000001c7b0000)]
  0x000000001bccc800 JavaThread "C2 CompilerThread1" daemon [_thread_blocked, id=15772, stack(0x000000001c5b0000,0x000000001c6b0000)]
  0x000000001bccc000 JavaThread "C2 CompilerThread0" daemon [_thread_blocked, id=19832, stack(0x000000001c4b0000,0x000000001c5b0000)]
  0x0000000019c1d800 JavaThread "JDWP Command Reader" daemon [_thread_in_native, id=20912, stack(0x000000001b7b0000,0x000000001b8b0000)]
  0x0000000019c1c000 JavaThread "JDWP Event Helper Thread" daemon [_thread_blocked, id=19712, stack(0x000000001b6b0000,0x000000001b7b0000)]
=>0x0000000019c0c800 JavaThread "JDWP Transport Listener: dt_socket" daemon [_thread_in_vm, id=19484, stack(0x000000001b5b0000,0x000000001b6b0000)]
  0x0000000019c03800 JavaThread "Attach Listener" daemon [_thread_blocked, id=20712, stack(0x000000001b170000,0x000000001b270000)]
  0x0000000019c00000 JavaThread "Signal Dispatcher" daemon [_thread_blocked, id=9240, stack(0x000000001b070000,0x000000001b170000)]
  0x0000000019bea000 JavaThread "Finalizer" daemon [_thread_blocked, id=18860, stack(0x000000001ae70000,0x000000001af70000)]
  0x0000000002bc4000 JavaThread "Reference Handler" daemon [_thread_blocked, id=10172, stack(0x000000001ad70000,0x000000001ae70000)]

Other Threads:
  0x0000000019bc7800 VMThread [stack: 0x000000001ac70000,0x000000001ad70000] [id=8076]
  0x000000001bdea000 WatcherThread [stack: 0x000000001c8b0000,0x000000001c9b0000] [id=20884]

VM state:not at safepoint (normal execution)

VM Mutex/Monitor currently owned by a thread: None

Heap:
 PSYoungGen      total 402432K, used 315480K [0x0000000780b80000, 0x000000079a780000, 0x00000007c0000000)
  eden space 384000K, 82% used [0x0000000780b80000,0x0000000793f961e0,0x0000000798280000)
  from space 18432K, 0% used [0x0000000799580000,0x0000000799580000,0x000000079a780000)
  to   space 18944K, 0% used [0x0000000798280000,0x0000000798280000,0x0000000799500000)
 ParOldGen       total 159232K, used 22300K [0x0000000702200000, 0x000000070bd80000, 0x0000000780b80000)
  object space 159232K, 14% used [0x0000000702200000,0x00000007037c72a0,0x000000070bd80000)
 Metaspace       used 69400K, capacity 73713K, committed 73944K, reserved 1114112K
  class space    used 9001K, capacity 9695K, committed 9728K, reserved 1048576K

Card table byte_map: [0x0000000011f90000,0x0000000012580000] byte_map_base: 0x000000000e77f000

Marking Bits: (ParMarkBitMap*) 0x0000000067bd0600
 Begin Bits: [0x0000000012d80000, 0x0000000015cf8000)
 End Bits:   [0x0000000015cf8000, 0x0000000018c70000)

Polling page: 0x0000000000e00000

CodeCache: size=245760Kb used=27750Kb max_used=27824Kb free=218009Kb
 bounds [0x0000000002bd0000, 0x0000000004730000, 0x0000000011bd0000]
 total_blobs=8763 nmethods=8181 adapters=500
 compilation: enabled

Compilation events (10 events):
Event: 297.413 Thread 0x000000001bcd2000 9327       3       org.springframework.boot.autoconfigure.condition.ConditionEvaluationReport$$Lambda$1123/181069004::accept (20 bytes)
Event: 297.414 Thread 0x000000001bcd2000 nmethod 9327 0x00000000046bcdd0 code [0x00000000046bcf40, 0x00000000046bd2c8]
Event: 297.459 Thread 0x000000001bccc800 nmethod 9323 0x00000000046e7750 code [0x00000000046e7be0, 0x00000000046ea728]
Event: 297.460 Thread 0x000000001bccc800 9324       4       org.springframework.core.SerializableTypeWrapper::unwrap (34 bytes)
Event: 297.462 Thread 0x000000001bccc800 nmethod 9324 0x00000000046bc790 code [0x00000000046bc900, 0x00000000046bcb78]
Event: 297.462 Thread 0x000000001bccc800 9325       4       org.springframework.core.ResolvableType::resolveType (151 bytes)
Event: 297.503 Thread 0x000000001bccc800 nmethod 9325 0x00000000046ee1d0 code [0x00000000046ee540, 0x00000000046f03f0]
Event: 297.646 Thread 0x000000001bccc000 nmethod 9041 0x0000000004704410 code [0x0000000004704a60, 0x0000000004714d78]
Event: 298.105 Thread 0x000000001bcd2000 9328       3       org.springframework.boot.devtools.filewatch.FileSnapshot::equals (110 bytes)
Event: 298.106 Thread 0x000000001bcd2000 nmethod 9328 0x0000000002d60c50 code [0x0000000002d60e40, 0x0000000002d61a28]

GC Heap History (10 events):
Event: 9.003 GC heap before
{Heap before GC invocations=12 (full 2):
 PSYoungGen      total 259072K, used 95332K [0x0000000780b80000, 0x0000000796a80000, 0x00000007c0000000)
  eden space 245760K, 33% used [0x0000000780b80000,0x0000000785b9e700,0x000000078fb80000)
  from space 13312K, 99% used [0x000000078fb80000,0x000000079087a9f8,0x0000000790880000)
  to   space 17408K, 0% used [0x0000000795980000,0x0000000795980000,0x0000000796a80000)
 ParOldGen       total 114176K, used 20727K [0x0000000702200000, 0x0000000709180000, 0x0000000780b80000)
  object space 114176K, 18% used [0x0000000702200000,0x000000070363dee0,0x0000000709180000)
 Metaspace       used 55827K, capacity 58875K, committed 59028K, reserved 1099776K
  class space    used 7372K, capacity 7936K, committed 7936K, reserved 1048576K
Event: 9.018 GC heap after
Heap after GC invocations=12 (full 2):
 PSYoungGen      total 330752K, used 12119K [0x0000000780b80000, 0x0000000796580000, 0x00000007c0000000)
  eden space 318464K, 0% used [0x0000000780b80000,0x0000000780b80000,0x0000000794280000)
  from space 12288K, 98% used [0x0000000795980000,0x0000000796555df8,0x0000000796580000)
  to   space 17920K, 0% used [0x0000000794280000,0x0000000794280000,0x0000000795400000)
 ParOldGen       total 114176K, used 20735K [0x0000000702200000, 0x0000000709180000, 0x0000000780b80000)
  object space 114176K, 18% used [0x0000000702200000,0x000000070363fee0,0x0000000709180000)
 Metaspace       used 55827K, capacity 58875K, committed 59028K, reserved 1099776K
  class space    used 7372K, capacity 7936K, committed 7936K, reserved 1048576K
}
Event: 9.018 GC heap before
{Heap before GC invocations=13 (full 3):
 PSYoungGen      total 330752K, used 12119K [0x0000000780b80000, 0x0000000796580000, 0x00000007c0000000)
  eden space 318464K, 0% used [0x0000000780b80000,0x0000000780b80000,0x0000000794280000)
  from space 12288K, 98% used [0x0000000795980000,0x0000000796555df8,0x0000000796580000)
  to   space 17920K, 0% used [0x0000000794280000,0x0000000794280000,0x0000000795400000)
 ParOldGen       total 114176K, used 20735K [0x0000000702200000, 0x0000000709180000, 0x0000000780b80000)
  object space 114176K, 18% used [0x0000000702200000,0x000000070363fee0,0x0000000709180000)
 Metaspace       used 55827K, capacity 58875K, committed 59028K, reserved 1099776K
  class space    used 7372K, capacity 7936K, committed 7936K, reserved 1048576K
Event: 9.191 GC heap after
Heap after GC invocations=13 (full 3):
 PSYoungGen      total 330752K, used 0K [0x0000000780b80000, 0x0000000796580000, 0x00000007c0000000)
  eden space 318464K, 0% used [0x0000000780b80000,0x0000000780b80000,0x0000000794280000)
  from space 12288K, 0% used [0x0000000795980000,0x0000000795980000,0x0000000796580000)
  to   space 17920K, 0% used [0x0000000794280000,0x0000000794280000,0x0000000795400000)
 ParOldGen       total 159232K, used 23855K [0x0000000702200000, 0x000000070bd80000, 0x0000000780b80000)
  object space 159232K, 14% used [0x0000000702200000,0x000000070394bc80,0x000000070bd80000)
 Metaspace       used 55827K, capacity 58875K, committed 59028K, reserved 1099776K
  class space    used 7372K, capacity 7936K, committed 7936K, reserved 1048576K
}
Event: 168.066 GC heap before
{Heap before GC invocations=14 (full 3):
 PSYoungGen      total 330752K, used 318464K [0x0000000780b80000, 0x0000000796580000, 0x00000007c0000000)
  eden space 318464K, 100% used [0x0000000780b80000,0x0000000794280000,0x0000000794280000)
  from space 12288K, 0% used [0x0000000795980000,0x0000000795980000,0x0000000796580000)
  to   space 17920K, 0% used [0x0000000794280000,0x0000000794280000,0x0000000795400000)
 ParOldGen       total 159232K, used 23855K [0x0000000702200000, 0x000000070bd80000, 0x0000000780b80000)
  object space 159232K, 14% used [0x0000000702200000,0x000000070394bc80,0x000000070bd80000)
 Metaspace       used 67050K, capacity 71127K, committed 71512K, reserved 1112064K
  class space    used 8862K, capacity 9493K, committed 9600K, reserved 1048576K
Event: 168.091 GC heap after
Heap after GC invocations=14 (full 3):
 PSYoungGen      total 336384K, used 15079K [0x0000000780b80000, 0x000000079a880000, 0x00000007c0000000)
  eden space 318464K, 0% used [0x0000000780b80000,0x0000000780b80000,0x0000000794280000)
  from space 17920K, 84% used [0x0000000794280000,0x0000000795139c50,0x0000000795400000)
  to   space 19456K, 0% used [0x0000000799580000,0x0000000799580000,0x000000079a880000)
 ParOldGen       total 159232K, used 23863K [0x0000000702200000, 0x000000070bd80000, 0x0000000780b80000)
  object space 159232K, 14% used [0x0000000702200000,0x000000070394dc80,0x000000070bd80000)
 Metaspace       used 67050K, capacity 71127K, committed 71512K, reserved 1112064K
  class space    used 8862K, capacity 9493K, committed 9600K, reserved 1048576K
}
Event: 293.912 GC heap before
{Heap before GC invocations=15 (full 3):
 PSYoungGen      total 336384K, used 62713K [0x0000000780b80000, 0x000000079a880000, 0x00000007c0000000)
  eden space 318464K, 14% used [0x0000000780b80000,0x0000000783a047e8,0x0000000794280000)
  from space 17920K, 84% used [0x0000000794280000,0x0000000795139c50,0x0000000795400000)
  to   space 19456K, 0% used [0x0000000799580000,0x0000000799580000,0x000000079a880000)
 ParOldGen       total 159232K, used 23863K [0x0000000702200000, 0x000000070bd80000, 0x0000000780b80000)
  object space 159232K, 14% used [0x0000000702200000,0x000000070394dc80,0x000000070bd80000)
 Metaspace       used 67214K, capacity 71299K, committed 71512K, reserved 1112064K
  class space    used 8882K, capacity 9542K, committed 9600K, reserved 1048576K
Event: 293.918 GC heap after
Heap after GC invocations=15 (full 3):
 PSYoungGen      total 402432K, used 6848K [0x0000000780b80000, 0x000000079a780000, 0x00000007c0000000)
  eden space 384000K, 0% used [0x0000000780b80000,0x0000000780b80000,0x0000000798280000)
  from space 18432K, 37% used [0x0000000799580000,0x0000000799c30010,0x000000079a780000)
  to   space 18944K, 0% used [0x0000000798280000,0x0000000798280000,0x0000000799500000)
 ParOldGen       total 159232K, used 23871K [0x0000000702200000, 0x000000070bd80000, 0x0000000780b80000)
  object space 159232K, 14% used [0x0000000702200000,0x000000070394fc80,0x000000070bd80000)
 Metaspace       used 67214K, capacity 71299K, committed 71512K, reserved 1112064K
  class space    used 8882K, capacity 9542K, committed 9600K, reserved 1048576K
}
Event: 293.918 GC heap before
{Heap before GC invocations=16 (full 4):
 PSYoungGen      total 402432K, used 6848K [0x0000000780b80000, 0x000000079a780000, 0x00000007c0000000)
  eden space 384000K, 0% used [0x0000000780b80000,0x0000000780b80000,0x0000000798280000)
  from space 18432K, 37% used [0x0000000799580000,0x0000000799c30010,0x000000079a780000)
  to   space 18944K, 0% used [0x0000000798280000,0x0000000798280000,0x0000000799500000)
 ParOldGen       total 159232K, used 23871K [0x0000000702200000, 0x000000070bd80000, 0x0000000780b80000)
  object space 159232K, 14% used [0x0000000702200000,0x000000070394fc80,0x000000070bd80000)
 Metaspace       used 67214K, capacity 71299K, committed 71512K, reserved 1112064K
  class space    used 8882K, capacity 9542K, committed 9600K, reserved 1048576K
Event: 294.062 GC heap after
Heap after GC invocations=16 (full 4):
 PSYoungGen      total 402432K, used 0K [0x0000000780b80000, 0x000000079a780000, 0x00000007c0000000)
  eden space 384000K, 0% used [0x0000000780b80000,0x0000000780b80000,0x0000000798280000)
  from space 18432K, 0% used [0x0000000799580000,0x0000000799580000,0x000000079a780000)
  to   space 18944K, 0% used [0x0000000798280000,0x0000000798280000,0x0000000799500000)
 ParOldGen       total 159232K, used 22300K [0x0000000702200000, 0x000000070bd80000, 0x0000000780b80000)
  object space 159232K, 14% used [0x0000000702200000,0x00000007037c72a0,0x000000070bd80000)
 Metaspace       used 67214K, capacity 71299K, committed 71512K, reserved 1112064K
  class space    used 8882K, capacity 9542K, committed 9600K, reserved 1048576K
}

Deoptimization events (10 events):
Event: 297.280 Thread 0x000000001d5cf000 Uncommon trap: reason=range_check action=none pc=0x0000000002f830a4 method=sun.reflect.generics.parser.SignatureParser.current()C @ 34
Event: 297.280 Thread 0x000000001d5cf000 Uncommon trap: reason=range_check action=none pc=0x0000000002f830a4 method=sun.reflect.generics.parser.SignatureParser.current()C @ 34
Event: 297.284 Thread 0x000000001d5cf000 Uncommon trap: reason=unhandled action=none pc=0x00000000039ba8e0 method=java.net.URLClassLoader.findClass(Ljava/lang/String;)Ljava/lang/Class; @ 44
Event: 297.296 Thread 0x000000001d5cf000 Uncommon trap: reason=range_check action=none pc=0x0000000002f830a4 method=sun.reflect.generics.parser.SignatureParser.current()C @ 34
Event: 297.297 Thread 0x000000001d5cf000 Uncommon trap: reason=range_check action=none pc=0x0000000002f830a4 method=sun.reflect.generics.parser.SignatureParser.current()C @ 34
Event: 297.307 Thread 0x000000001d5cf000 Uncommon trap: reason=range_check action=none pc=0x0000000002f830a4 method=sun.reflect.generics.parser.SignatureParser.current()C @ 34
Event: 297.308 Thread 0x000000001d5cf000 Uncommon trap: reason=range_check action=none pc=0x0000000002f830a4 method=sun.reflect.generics.parser.SignatureParser.current()C @ 34
Event: 297.310 Thread 0x000000001d5cf000 Uncommon trap: reason=range_check action=none pc=0x0000000002f830a4 method=sun.reflect.generics.parser.SignatureParser.current()C @ 34
Event: 297.310 Thread 0x000000001d5cf000 Uncommon trap: reason=range_check action=none pc=0x0000000002f830a4 method=sun.reflect.generics.parser.SignatureParser.current()C @ 34
Event: 301.613 Thread 0x0000000019c0c800 Uncommon trap: reason=unhandled action=none pc=0x00000000039ba8e0 method=java.net.URLClassLoader.findClass(Ljava/lang/String;)Ljava/lang/Class; @ 44

Internal exceptions (10 events):
Event: 297.273 Thread 0x000000001d5cf000 Exception <a 'java/lang/ArrayIndexOutOfBoundsException': 52> (0x0000000793365da0) thrown at [D:\re\workspace\8-2-build-windows-amd64-cygwin\jdk8u77\6540\hotspot\src\share\vm\interpreter\interpreterRuntime.cpp, line 366]
Event: 297.275 Thread 0x000000001d5cf000 Exception <a 'java/lang/ArrayIndexOutOfBoundsException': 273> (0x0000000793428940) thrown at [D:\re\workspace\8-2-build-windows-amd64-cygwin\jdk8u77\6540\hotspot\src\share\vm\interpreter\interpreterRuntime.cpp, line 366]
Event: 297.280 Thread 0x000000001d5cf000 Exception <a 'java/lang/ArrayIndexOutOfBoundsException': 107> (0x000000079353e8f0) thrown at [D:\re\workspace\8-2-build-windows-amd64-cygwin\jdk8u77\6540\hotspot\src\share\vm\interpreter\interpreterRuntime.cpp, line 366]
Event: 297.280 Thread 0x000000001d5cf000 Exception <a 'java/lang/ArrayIndexOutOfBoundsException': 50> (0x0000000793540c00) thrown at [D:\re\workspace\8-2-build-windows-amd64-cygwin\jdk8u77\6540\hotspot\src\share\vm\interpreter\interpreterRuntime.cpp, line 366]
Event: 297.296 Thread 0x000000001d5cf000 Exception <a 'java/lang/ArrayIndexOutOfBoundsException': 118> (0x00000007936a57e8) thrown at [D:\re\workspace\8-2-build-windows-amd64-cygwin\jdk8u77\6540\hotspot\src\share\vm\interpreter\interpreterRuntime.cpp, line 366]
Event: 297.297 Thread 0x000000001d5cf000 Exception <a 'java/lang/ArrayIndexOutOfBoundsException': 226> (0x00000007936ba000) thrown at [D:\re\workspace\8-2-build-windows-amd64-cygwin\jdk8u77\6540\hotspot\src\share\vm\interpreter\interpreterRuntime.cpp, line 366]
Event: 297.307 Thread 0x000000001d5cf000 Exception <a 'java/lang/ArrayIndexOutOfBoundsException': 226> (0x00000007937a20b0) thrown at [D:\re\workspace\8-2-build-windows-amd64-cygwin\jdk8u77\6540\hotspot\src\share\vm\interpreter\interpreterRuntime.cpp, line 366]
Event: 297.308 Thread 0x000000001d5cf000 Exception <a 'java/lang/ArrayIndexOutOfBoundsException': 52> (0x00000007937a4f08) thrown at [D:\re\workspace\8-2-build-windows-amd64-cygwin\jdk8u77\6540\hotspot\src\share\vm\interpreter\interpreterRuntime.cpp, line 366]
Event: 297.310 Thread 0x000000001d5cf000 Exception <a 'java/lang/ArrayIndexOutOfBoundsException': 273> (0x00000007937e3270) thrown at [D:\re\workspace\8-2-build-windows-amd64-cygwin\jdk8u77\6540\hotspot\src\share\vm\interpreter\interpreterRuntime.cpp, line 366]
Event: 297.310 Thread 0x000000001d5cf000 Exception <a 'java/lang/ArrayIndexOutOfBoundsException': 57> (0x00000007937e6428) thrown at [D:\re\workspace\8-2-build-windows-amd64-cygwin\jdk8u77\6540\hotspot\src\share\vm\interpreter\interpreterRuntime.cpp, line 366]

Events (10 events):
Event: 300.345 Thread 0x000000001d5cd000 Thread exited: 0x000000001d5cd000
Event: 301.613 Thread 0x0000000019c0c800 Uncommon trap: trap_request=0xffffffa7 fr.pc=0x00000000039ba8e0
Event: 301.613 Thread 0x0000000019c0c800 DEOPT PACKING pc=0x00000000039ba8e0 sp=0x000000001b6ac9e0
Event: 301.613 Thread 0x0000000019c0c800 DEOPT UNPACKING pc=0x0000000002c1582a sp=0x000000001b6ac978 mode 2
Event: 301.613 Thread 0x0000000019c0c800 DEOPT PACKING pc=0x000000000335ff2c sp=0x000000001b6aca20
Event: 301.613 Thread 0x0000000019c0c800 DEOPT UNPACKING pc=0x0000000002c1787f sp=0x000000001b6ac750 mode 1
Event: 301.613 Thread 0x0000000019c0c800 DEOPT PACKING pc=0x0000000002f003ac sp=0x000000001b6aca80
Event: 301.613 Thread 0x0000000019c0c800 DEOPT UNPACKING pc=0x0000000002c1787f sp=0x000000001b6ac848 mode 1
Event: 301.615 Executing VM operation: RedefineClasses
Event: 301.685 Executing VM operation: RedefineClasses done


Dynamic libraries:
0x00007ff7e0d60000 - 0x00007ff7e0d97000 	C:\Program Files\Java\jre1.8.0_77\bin\javaw.exe
0x00007ffb05aa0000 - 0x00007ffb05c90000 	C:\WINDOWS\SYSTEM32\ntdll.dll
0x00007ffb046d0000 - 0x00007ffb04782000 	C:\WINDOWS\System32\KERNEL32.DLL
0x00007ffb02af0000 - 0x00007ffb02d95000 	C:\WINDOWS\System32\KERNELBASE.dll
0x0000000069a10000 - 0x0000000069ab6000 	C:\WINDOWS\System32\SYSFER.DLL
0x0000000068570000 - 0x00000000688a0000 	C:\ProgramData\Symantec\Symantec Endpoint Protection\14.3.558.0000.105\Data\Definitions\IPSDefs\20220923.001\IPSEng64.dll
0x00007ffb04d20000 - 0x00007ffb04dc3000 	C:\WINDOWS\System32\ADVAPI32.dll
0x00007ffb049b0000 - 0x00007ffb04a4e000 	C:\WINDOWS\System32\msvcrt.dll
0x00007ffb03c30000 - 0x00007ffb03cc7000 	C:\WINDOWS\System32\sechost.dll
0x00007ffb05250000 - 0x00007ffb0536f000 	C:\WINDOWS\System32\RPCRT4.dll
0x00007ffb05370000 - 0x00007ffb05378000 	C:\WINDOWS\System32\PSAPI.DLL
0x00007ffb04790000 - 0x00007ffb04924000 	C:\WINDOWS\System32\USER32.dll
0x00007ffb03c00000 - 0x00007ffb03c21000 	C:\WINDOWS\System32\win32u.dll
0x00007ffb04bb0000 - 0x00007ffb04bd6000 	C:\WINDOWS\System32\GDI32.dll
0x00007ffb03a60000 - 0x00007ffb03bf8000 	C:\WINDOWS\System32\gdi32full.dll
0x00007ffb03940000 - 0x00007ffb039de000 	C:\WINDOWS\System32\msvcp_win.dll
0x00007ffb035a0000 - 0x00007ffb0369a000 	C:\WINDOWS\System32\ucrtbase.dll
0x00007ffafbc60000 - 0x00007ffafbee4000 	C:\WINDOWS\WinSxS\amd64_microsoft.windows.common-controls_6595b64144ccf1df_6.0.18362.1556_none_9e7e372fe45e41d5\COMCTL32.dll
0x00007ffb05380000 - 0x00007ffb056b6000 	C:\WINDOWS\System32\combase.dll
0x00007ffb038b0000 - 0x00007ffb03931000 	C:\WINDOWS\System32\bcryptPrimitives.dll
0x00007ffb03cd0000 - 0x00007ffb03cfe000 	C:\WINDOWS\System32\IMM32.DLL
0x0000000067c50000 - 0x0000000067d22000 	C:\Program Files\Java\jre1.8.0_77\bin\msvcr100.dll
0x00000000673c0000 - 0x0000000067c50000 	C:\Program Files\Java\jre1.8.0_77\bin\server\jvm.dll
0x00007ffae7f10000 - 0x00007ffae7f19000 	C:\WINDOWS\SYSTEM32\WSOCK32.dll
0x00007ffb059f0000 - 0x00007ffb05a5f000 	C:\WINDOWS\System32\WS2_32.dll
0x00007ffb00b60000 - 0x00007ffb00b84000 	C:\WINDOWS\SYSTEM32\WINMM.dll
0x00007ffafba60000 - 0x00007ffafba6a000 	C:\WINDOWS\SYSTEM32\VERSION.dll
0x00007ffb00b30000 - 0x00007ffb00b5d000 	C:\WINDOWS\SYSTEM32\WINMMBASE.dll
0x00007ffb03550000 - 0x00007ffb0359a000 	C:\WINDOWS\System32\cfgmgr32.dll
0x0000000067ec0000 - 0x0000000067ecf000 	C:\Program Files\Java\jre1.8.0_77\bin\verify.dll
0x0000000067d50000 - 0x0000000067d79000 	C:\Program Files\Java\jre1.8.0_77\bin\java.dll
0x00000000695d0000 - 0x0000000069605000 	C:\Program Files\Java\jre1.8.0_77\bin\jdwp.dll
0x00000000695c0000 - 0x00000000695c8000 	C:\Program Files\Java\jre1.8.0_77\bin\npt.dll
0x0000000069590000 - 0x00000000695b3000 	C:\Program Files\Java\jre1.8.0_77\bin\instrument.dll
0x0000000067ea0000 - 0x0000000067eb6000 	C:\Program Files\Java\jre1.8.0_77\bin\zip.dll
0x00007ffb03d00000 - 0x00007ffb043e7000 	C:\WINDOWS\System32\SHELL32.dll
0x00007ffb043f0000 - 0x00007ffb04498000 	C:\WINDOWS\System32\shcore.dll
0x00007ffb02dd0000 - 0x00007ffb0354b000 	C:\WINDOWS\System32\windows.storage.dll
0x00007ffb02ad0000 - 0x00007ffb02aee000 	C:\WINDOWS\System32\profapi.dll
0x00007ffb02a60000 - 0x00007ffb02aaa000 	C:\WINDOWS\System32\powrprof.dll
0x00007ffb02a30000 - 0x00007ffb02a40000 	C:\WINDOWS\System32\UMPDC.dll
0x00007ffb04670000 - 0x00007ffb046c2000 	C:\WINDOWS\System32\shlwapi.dll
0x00007ffb02a40000 - 0x00007ffb02a51000 	C:\WINDOWS\System32\kernel.appcore.dll
0x00007ffb03a40000 - 0x00007ffb03a57000 	C:\WINDOWS\System32\cryptsp.dll
0x0000000069580000 - 0x0000000069589000 	C:\Program Files\Java\jre1.8.0_77\bin\dt_socket.dll
0x00007ffaf4f60000 - 0x00007ffaf4f76000 	C:\WINDOWS\system32\napinsp.dll
0x00007ffaf4ea0000 - 0x00007ffaf4eba000 	C:\WINDOWS\system32\pnrpnsp.dll
0x00007ffb021c0000 - 0x00007ffb02227000 	C:\WINDOWS\System32\mswsock.dll
0x00007ffb01f30000 - 0x00007ffb01ffb000 	C:\WINDOWS\SYSTEM32\DNSAPI.dll
0x00007ffb04660000 - 0x00007ffb04668000 	C:\WINDOWS\System32\NSI.dll
0x00007ffb01ee0000 - 0x00007ffb01f1a000 	C:\WINDOWS\SYSTEM32\IPHLPAPI.DLL
0x00007ffaf4cb0000 - 0x00007ffaf4cbe000 	C:\WINDOWS\System32\winrnr.dll
0x00007ffaff360000 - 0x00007ffaff37c000 	C:\WINDOWS\system32\NLAapi.dll
0x00007ffaf4c80000 - 0x00007ffaf4c95000 	C:\WINDOWS\system32\wshbth.dll
0x00007ffafebe0000 - 0x00007ffafec57000 	C:\WINDOWS\System32\fwpuclnt.dll
0x00007ffb02da0000 - 0x00007ffb02dc6000 	C:\WINDOWS\System32\bcrypt.dll
0x00007ffafb680000 - 0x00007ffafb68a000 	C:\Windows\System32\rasadhlp.dll
0x00000000670c0000 - 0x00000000670cd000 	C:\Program Files\Java\jre1.8.0_77\bin\management.dll
0x0000000067130000 - 0x000000006714a000 	C:\Program Files\Java\jre1.8.0_77\bin\net.dll
0x0000000067110000 - 0x0000000067121000 	C:\Program Files\Java\jre1.8.0_77\bin\nio.dll
0x00007ffb01d50000 - 0x00007ffb01d83000 	C:\WINDOWS\system32\rsaenh.dll
0x00007ffb02950000 - 0x00007ffb02975000 	C:\WINDOWS\SYSTEM32\USERENV.dll
0x00007ffb02340000 - 0x00007ffb0234c000 	C:\WINDOWS\SYSTEM32\CRYPTBASE.dll
0x00007ffafe8b0000 - 0x00007ffafe8c6000 	C:\WINDOWS\SYSTEM32\dhcpcsvc6.DLL
0x00007ffafe3c0000 - 0x00007ffafe3dc000 	C:\WINDOWS\SYSTEM32\dhcpcsvc.DLL
0x0000000067090000 - 0x00000000670b4000 	C:\Program Files\Java\jre1.8.0_77\bin\sunec.dll
0x0000000067080000 - 0x000000006708b000 	C:\Program Files\Java\jre1.8.0_77\bin\sunmscapi.dll
0x00007ffb03750000 - 0x00007ffb038a1000 	C:\WINDOWS\System32\CRYPT32.dll
0x00007ffb02ab0000 - 0x00007ffb02ac2000 	C:\WINDOWS\System32\MSASN1.dll
0x00007ffaf95e0000 - 0x00007ffaf97d4000 	C:\WINDOWS\SYSTEM32\dbghelp.dll

VM Arguments:
jvm_args: -agentlib:jdwp=transport=dt_socket,suspend=y,address=localhost:58256 -javaagent:D:\eclipse\configuration\org.eclipse.osgi\415\0\.cp\lib\javaagent-shaded.jar -Dfile.encoding=UTF-8 
java_command: com.stg.tsm.TsmApplication
java_class_path (initial): D:\TMS-service\STG_TSM_SERVICE\tsm\target\classes;C:\Users\chelvinjeniferjk\.m2\repository\org\springframework\boot\spring-boot-starter-data-jpa\2.7.3\spring-boot-starter-data-jpa-2.7.3.jar;C:\Users\chelvinjeniferjk\.m2\repository\org\springframework\boot\spring-boot-starter-aop\2.7.3\spring-boot-starter-aop-2.7.3.jar;C:\Users\chelvinjeniferjk\.m2\repository\org\springframework\spring-aop\5.3.22\spring-aop-5.3.22.jar;C:\Users\chelvinjeniferjk\.m2\repository\org\aspectj\aspectjweaver\1.9.7\aspectjweaver-1.9.7.jar;C:\Users\chelvinjeniferjk\.m2\repository\org\springframework\boot\spring-boot-starter-jdbc\2.7.3\spring-boot-starter-jdbc-2.7.3.jar;C:\Users\chelvinjeniferjk\.m2\repository\com\zaxxer\HikariCP\4.0.3\HikariCP-4.0.3.jar;C:\Users\chelvinjeniferjk\.m2\repository\org\springframework\spring-jdbc\5.3.22\spring-jdbc-5.3.22.jar;C:\Users\chelvinjeniferjk\.m2\repository\jakarta\transaction\jakarta.transaction-api\1.3.3\jakarta.transaction-api-1.3.3.jar;C:\Users\chelvinjeniferjk\.m2\repository\jakarta\persistence\jakarta.persistence-api\2.2.3\jakarta.persistence-api-2.2.3.jar;C:\Users\chelvinjeniferjk\.m2\repository\org\hibernate\hibernate-core\5.6.10.Final\hibernate-core-5.6.10.Final.jar;C:\Users\chelvinjeniferjk\.m2\repository\org\jboss\logging\jboss-logging\3.4.3.Final\jboss-logging-3.4.3.Final.jar;C:\Users\chelvinjeniferjk\.m2\repository\net\bytebuddy\byte-buddy\1.12.13\byte-buddy-1.12.13.jar;C:\Users\chelvinjeniferjk\.m2\repository\antlr\antlr\2.7.7\antlr-2.7.7.jar;C:\Users\chelvinjeniferjk\.m2\repository\org\jboss\jandex\2.4.2.Final\jandex-2.4.2.Final.jar;C:\Users\chelvinjeniferjk\.m2\repository\org\hibernate\common\hibernate-commons-annotations\5.1.2.Final\hibernate-commons-annotations-5.1.2.Final.jar;C:\Users\chelvinjeniferjk\.m2\repository\org\glassfish\jaxb\jaxb-runtime\2.3.6\jaxb-runtime-2.3.6.jar;C:\Users\chelvinjeniferjk\.m2\repository\org\glassfish\jaxb\txw2\2.3.6\txw2-2.3.6.jar;C:\Users\chelvinjeniferjk\.m2\repository\com\sun\
Launcher Type: SUN_STANDARD

Environment Variables:
JAVA_HOME=C:\Program Files\Java\jdk1.8.0_77
PATH=D:/eclipse//plugins/org.eclipse.justj.openjdk.hotspot.jre.full.win32.x86_64_16.0.1.v20210528-1205/jre/bin/server;D:/eclipse//plugins/org.eclipse.justj.openjdk.hotspot.jre.full.win32.x86_64_16.0.1.v20210528-1205/jre/bin;C:\Program Files\Java\jdk1.8.0_77\bin;C:\ProgramData\Oracle\Java\javapath;C:\WINDOWS\system32;C:\WINDOWS;C:\WINDOWS\System32\Wbem;C:\WINDOWS\System32\WindowsPowerShell\v1.0\;C:\WINDOWS\System32\OpenSSH\;C:\Program Files\Microsoft SQL Server\130\Tools\Binn\;C:\Program Files\nodejs\;C:\Program Files\Java\jdk1.8.0_77;D:\apache-maven-3.8.4\bin;C:\Program Files\Git\cmd;C:\Program Files\MySQL\MySQL Shell 8.0\bin\;C:\Users\chelvinjeniferjk\AppData\Local\Microsoft\WindowsApps;C:\Users\chelvinjeniferjk\AppData\Roaming\npm;C:\Users\chelvinjeniferjk\AppData\Local\Programs\Microsoft VS Code\bin;C:\Program Files\Java\jdk1.8.0_77;C:\Users\chelvinjeniferjk\AppData\Local\GitHubDesktop\bin;C:\Program Files\JetBrains\IntelliJ IDEA Community Edition 2022.2.2\bin;;D:\eclipse;
USERNAME=chelvinjeniferjk
OS=Windows_NT
PROCESSOR_IDENTIFIER=Intel64 Family 6 Model 94 Stepping 3, GenuineIntel



---------------  S Y S T E M  ---------------

OS: Windows 10.0 , 64 bit Build 18362 (10.0.18362.1500)

CPU:total 4 (4 cores per cpu, 1 threads per core) family 6 model 94 stepping 3, cmov, cx8, fxsr, mmx, sse, sse2, sse3, ssse3, sse4.1, sse4.2, popcnt, avx, avx2, aes, clmul, erms, rtm, 3dnowpref, lzcnt, tsc, tscinvbit, bmi1, bmi2, adx

Memory: 4k page, physical 12442120k(2452140k free), swap 32365064k(12776948k free)

vm_info: Java HotSpot(TM) 64-Bit Server VM (25.77-b03) for windows-amd64 JRE (1.8.0_77-b03), built on Mar 20 2016 22:01:33 by "java_re" with MS VC++ 10.0 (VS2010)

time: Mon Sep 26 13:02:00 2022
elapsed time: 301 seconds (0d 0h 5m 1s)

